2020-04-25T02:38:04+00:00 CRITICAL Maximum execution time of 120 seconds exceeded in C:\xampp\htdocs\myproject\wp-includes\Requests\Transport\cURL.php on line 163

2020-04-25T03:17:21+00:00 CRITICAL syntax error, unexpected 'if' (T_IF) in C:\xampp\htdocs\myproject\wp-content\themes\orchid-store\page.php on line 19

2020-04-25T08:26:38+00:00 CRITICAL Uncaught Error: Call to undefined method YITH_WCWL::yith_wcwl_ajax_update_count() in C:\xampp\htdocs\myproject\wp-content\themes\orchid-store\inc\woocommerce-hooks.php:31
Stack trace:
#0 C:\xampp\htdocs\myproject\wp-includes\class-wp-hook.php(287): orchid_store_wishlist_icon_action('')
#1 C:\xampp\htdocs\myproject\wp-includes\class-wp-hook.php(311): WP_Hook->apply_filters('', Array)
#2 C:\xampp\htdocs\myproject\wp-includes\plugin.php(478): WP_Hook->do_action(Array)
#3 C:\xampp\htdocs\myproject\wp-content\themes\orchid-store\template-parts\header\header-one.php(117): do_action('orchid_store_wi...')
#4 C:\xampp\htdocs\myproject\wp-includes\template.php(725): require('C:\\xampp\\htdocs...')
#5 C:\xampp\htdocs\myproject\wp-includes\template.php(672): load_template('C:\\xampp\\htdocs...', false)
#6 C:\xampp\htdocs\myproject\wp-includes\general-template.php(168): locate_template(Array, true, false)
#7 C:\xampp\htdocs\myproject\wp-content\themes\orchid-store\inc\custom-hooks.php(13): get_template_part('template-part in C:\xampp\htdocs\myproject\wp-content\themes\orchid-store\inc\woocommerce-hooks.php on line 31

2020-04-25T08:26:47+00:00 CRITICAL Uncaught Error: Call to undefined method YITH_WCWL::yith_wcwl_ajax_update_count() in C:\xampp\htdocs\myproject\wp-content\themes\orchid-store\inc\woocommerce-hooks.php:31
Stack trace:
#0 C:\xampp\htdocs\myproject\wp-includes\class-wp-hook.php(287): orchid_store_wishlist_icon_action('')
#1 C:\xampp\htdocs\myproject\wp-includes\class-wp-hook.php(311): WP_Hook->apply_filters('', Array)
#2 C:\xampp\htdocs\myproject\wp-includes\plugin.php(478): WP_Hook->do_action(Array)
#3 C:\xampp\htdocs\myproject\wp-content\themes\orchid-store\template-parts\header\header-one.php(117): do_action('orchid_store_wi...')
#4 C:\xampp\htdocs\myproject\wp-includes\template.php(725): require('C:\\xampp\\htdocs...')
#5 C:\xampp\htdocs\myproject\wp-includes\template.php(672): load_template('C:\\xampp\\htdocs...', false)
#6 C:\xampp\htdocs\myproject\wp-includes\general-template.php(168): locate_template(Array, true, false)
#7 C:\xampp\htdocs\myproject\wp-content\themes\orchid-store\inc\custom-hooks.php(13): get_template_part('template-part in C:\xampp\htdocs\myproject\wp-content\themes\orchid-store\inc\woocommerce-hooks.php on line 31

2020-04-25T08:28:25+00:00 CRITICAL Uncaught Error: Call to undefined method YITH_WCWL::reload_wishlist_and_adding_elem() in C:\xampp\htdocs\myproject\wp-content\themes\orchid-store\inc\woocommerce-hooks.php:31
Stack trace:
#0 C:\xampp\htdocs\myproject\wp-includes\class-wp-hook.php(287): orchid_store_wishlist_icon_action('')
#1 C:\xampp\htdocs\myproject\wp-includes\class-wp-hook.php(311): WP_Hook->apply_filters('', Array)
#2 C:\xampp\htdocs\myproject\wp-includes\plugin.php(478): WP_Hook->do_action(Array)
#3 C:\xampp\htdocs\myproject\wp-content\themes\orchid-store\template-parts\header\header-one.php(117): do_action('orchid_store_wi...')
#4 C:\xampp\htdocs\myproject\wp-includes\template.php(725): require('C:\\xampp\\htdocs...')
#5 C:\xampp\htdocs\myproject\wp-includes\template.php(672): load_template('C:\\xampp\\htdocs...', false)
#6 C:\xampp\htdocs\myproject\wp-includes\general-template.php(168): locate_template(Array, true, false)
#7 C:\xampp\htdocs\myproject\wp-content\themes\orchid-store\inc\custom-hooks.php(13): get_template_part('template- in C:\xampp\htdocs\myproject\wp-content\themes\orchid-store\inc\woocommerce-hooks.php on line 31

